<?xml version="1.0" encoding="UTF-8"?>
<!-- Generated by org.testng.reporters.JUnitReportReporter -->
<testsuite hostname="LAPTOP-AEKIMCQA" failures="0" tests="1" name="demo.Test1" time="0.009" errors="0" timestamp="2021-03-27T10:23:22 IST" skipped="0">
  <testcase classname="demo.Test1" name="xyz" time="0.009"/>
  <system-out>
hiii  </system-out>
</testsuite> <!-- demo.Test1 -->
